Drill report for C:\Users\Enrico\Desktop\jvc\01_hardware\Jopen.kicad_pcb
Created on 11/03/2020 02:18:54

Copper Layer Stackup:
    =============================================================
    L1 :  F.Cu                      front
    L2 :  B.Cu                      back


Drill file 'Jopen-PTH.drl' contains
    plated through holes:
    =============================================================
    T1  0.40mm  0.016"  (75 holes)
    T2  0.60mm  0.024"  (3 holes)
    T3  0.80mm  0.031"  (2 holes)
    T4  0.92mm  0.036"  (4 holes)
    T5  1.00mm  0.039"  (8 holes)
    T6  1.50mm  0.059"  (36 holes)
    T7  2.30mm  0.091"  (2 holes)

    Total plated holes count 130


Drill file 'Jopen-NPTH.drl' contains
    unplated through holes:
    =============================================================
    T1  1.00mm  0.039"  (2 holes)
    T2  5.00mm  0.197"  (4 holes)

    Total unplated holes count 6
